Downloading https://www.cs.toronto.edu/~kriz/cifar-10-python.tar.gz to ../data/cifar-10-python.tar.gz
Files already downloaded and verified
Files already downloaded and verified
Train Epoch: 1 [0/50000 (0%)]	Loss: 2.310019
Train Epoch: 1 [12800/50000 (26%)]	Loss: 2.018770
Train Epoch: 1 [25600/50000 (51%)]	Loss: 1.844656
Train Epoch: 1 [38400/50000 (77%)]	Loss: 2.007350
================================================================
Training: Average loss: 1.6420, Accuracy: 21843/50000 (44%)
Test: Average loss: 1.5970, Accuracy: 4550/10000 (46%)
Time used: 348.8694670200348
================================================================
Train Epoch: 2 [0/50000 (0%)]	Loss: 1.822238
Train Epoch: 2 [12800/50000 (26%)]	Loss: 1.845804
Train Epoch: 2 [25600/50000 (51%)]	Loss: 1.825487
Train Epoch: 2 [38400/50000 (77%)]	Loss: 1.801879
================================================================
Training: Average loss: 1.4940, Accuracy: 25476/50000 (51%)
Test: Average loss: 1.4479, Accuracy: 5167/10000 (52%)
Time used: 349.24779438972473
================================================================
Train Epoch: 3 [0/50000 (0%)]	Loss: 1.602572
Train Epoch: 3 [12800/50000 (26%)]	Loss: 1.562113
Train Epoch: 3 [25600/50000 (51%)]	Loss: 1.685791
Train Epoch: 3 [38400/50000 (77%)]	Loss: 1.716376
================================================================
Training: Average loss: 1.4219, Accuracy: 26755/50000 (54%)
Test: Average loss: 1.3795, Accuracy: 5366/10000 (54%)
Time used: 349.3074698448181
================================================================
Train Epoch: 4 [0/50000 (0%)]	Loss: 1.581644
Train Epoch: 4 [12800/50000 (26%)]	Loss: 1.548215
Train Epoch: 4 [25600/50000 (51%)]	Loss: 1.612686
Train Epoch: 4 [38400/50000 (77%)]	Loss: 1.575207
================================================================
Training: Average loss: 1.3674, Accuracy: 28765/50000 (58%)
Test: Average loss: 1.3332, Accuracy: 5832/10000 (58%)
Time used: 349.3187930583954
================================================================
Train Epoch: 5 [0/50000 (0%)]	Loss: 1.575558
Train Epoch: 5 [12800/50000 (26%)]	Loss: 1.599785
Train Epoch: 5 [25600/50000 (51%)]	Loss: 1.580417
Train Epoch: 5 [38400/50000 (77%)]	Loss: 1.490693
================================================================
Training: Average loss: 1.3072, Accuracy: 30457/50000 (61%)
Test: Average loss: 1.2734, Accuracy: 6111/10000 (61%)
Time used: 349.368145942688
================================================================
Train Epoch: 6 [0/50000 (0%)]	Loss: 1.500292
Train Epoch: 6 [12800/50000 (26%)]	Loss: 1.434274
Train Epoch: 6 [25600/50000 (51%)]	Loss: 1.504219
Train Epoch: 6 [38400/50000 (77%)]	Loss: 1.607362
================================================================
Training: Average loss: 1.2657, Accuracy: 30928/50000 (62%)
Test: Average loss: 1.2510, Accuracy: 6156/10000 (62%)
Time used: 349.3010678291321
================================================================
Train Epoch: 7 [0/50000 (0%)]	Loss: 1.469862
Train Epoch: 7 [12800/50000 (26%)]	Loss: 1.600631
Train Epoch: 7 [25600/50000 (51%)]	Loss: 1.469465
Train Epoch: 7 [38400/50000 (77%)]	Loss: 1.505852
================================================================
Training: Average loss: 1.2032, Accuracy: 32845/50000 (66%)
Test: Average loss: 1.1867, Accuracy: 6485/10000 (65%)
Time used: 349.3445391654968
================================================================
Train Epoch: 8 [0/50000 (0%)]	Loss: 1.373255
Train Epoch: 8 [12800/50000 (26%)]	Loss: 1.484084
Train Epoch: 8 [25600/50000 (51%)]	Loss: 1.464495
Train Epoch: 8 [38400/50000 (77%)]	Loss: 1.468105
================================================================
Training: Average loss: 1.2123, Accuracy: 34033/50000 (68%)
Test: Average loss: 1.1996, Accuracy: 6653/10000 (67%)
Time used: 347.62350392341614
================================================================
Train Epoch: 9 [0/50000 (0%)]	Loss: 1.471066
Train Epoch: 9 [12800/50000 (26%)]	Loss: 1.523789
Train Epoch: 9 [25600/50000 (51%)]	Loss: 1.476758
Train Epoch: 9 [38400/50000 (77%)]	Loss: 1.416215
================================================================
Training: Average loss: 1.2094, Accuracy: 34397/50000 (69%)
Test: Average loss: 1.1817, Accuracy: 6844/10000 (68%)
Time used: 346.2697298526764
================================================================
Train Epoch: 10 [0/50000 (0%)]	Loss: 1.429516
Train Epoch: 10 [12800/50000 (26%)]	Loss: 1.443912
Train Epoch: 10 [25600/50000 (51%)]	Loss: 1.461266
Train Epoch: 10 [38400/50000 (77%)]	Loss: 1.441295
================================================================
Training: Average loss: 1.1379, Accuracy: 35259/50000 (71%)
Test: Average loss: 1.1264, Accuracy: 6965/10000 (70%)
Time used: 346.3069808483124
================================================================
Train Epoch: 11 [0/50000 (0%)]	Loss: 1.602864
Train Epoch: 11 [12800/50000 (26%)]	Loss: 1.381089
Train Epoch: 11 [25600/50000 (51%)]	Loss: 1.369383
Train Epoch: 11 [38400/50000 (77%)]	Loss: 1.363600
================================================================
Training: Average loss: 1.1241, Accuracy: 35937/50000 (72%)
Test: Average loss: 1.1195, Accuracy: 7067/10000 (71%)
Time used: 347.3372058868408
================================================================
Train Epoch: 12 [0/50000 (0%)]	Loss: 1.348979
Train Epoch: 12 [12800/50000 (26%)]	Loss: 1.339037
Train Epoch: 12 [25600/50000 (51%)]	Loss: 1.402006
Train Epoch: 12 [38400/50000 (77%)]	Loss: 1.494467
================================================================
Training: Average loss: 1.1117, Accuracy: 35239/50000 (70%)
Test: Average loss: 1.1051, Accuracy: 6975/10000 (70%)
Time used: 347.8273181915283
================================================================
Train Epoch: 13 [0/50000 (0%)]	Loss: 1.400132
Train Epoch: 13 [12800/50000 (26%)]	Loss: 1.446309
Train Epoch: 13 [25600/50000 (51%)]	Loss: 1.313377
Train Epoch: 13 [38400/50000 (77%)]	Loss: 1.389489
================================================================
Training: Average loss: 1.1238, Accuracy: 35165/50000 (70%)
Test: Average loss: 1.1293, Accuracy: 6893/10000 (69%)
Time used: 347.90803813934326
================================================================
Train Epoch: 14 [0/50000 (0%)]	Loss: 1.402245
Train Epoch: 14 [12800/50000 (26%)]	Loss: 1.399021
Train Epoch: 14 [25600/50000 (51%)]	Loss: 1.379003
Train Epoch: 14 [38400/50000 (77%)]	Loss: 1.361613
================================================================
Training: Average loss: 1.0835, Accuracy: 36176/50000 (72%)
Test: Average loss: 1.0781, Accuracy: 7075/10000 (71%)
Time used: 347.84099817276
================================================================
Train Epoch: 15 [0/50000 (0%)]	Loss: 1.314256
Train Epoch: 15 [12800/50000 (26%)]	Loss: 1.334595
Train Epoch: 15 [25600/50000 (51%)]	Loss: 1.435111
Train Epoch: 15 [38400/50000 (77%)]	Loss: 1.328875
================================================================
Training: Average loss: 1.0862, Accuracy: 35815/50000 (72%)
Test: Average loss: 1.0838, Accuracy: 6989/10000 (70%)
Time used: 347.72963094711304
================================================================
Train Epoch: 16 [0/50000 (0%)]	Loss: 1.318635
Train Epoch: 16 [12800/50000 (26%)]	Loss: 1.275637
Train Epoch: 16 [25600/50000 (51%)]	Loss: 1.410375
Train Epoch: 16 [38400/50000 (77%)]	Loss: 1.293920
================================================================
Training: Average loss: 1.0443, Accuracy: 36769/50000 (74%)
Test: Average loss: 1.0565, Accuracy: 7237/10000 (72%)
Time used: 347.4013514518738
================================================================
Train Epoch: 17 [0/50000 (0%)]	Loss: 1.312742
Train Epoch: 17 [12800/50000 (26%)]	Loss: 1.363071
Train Epoch: 17 [25600/50000 (51%)]	Loss: 1.278940
Train Epoch: 17 [38400/50000 (77%)]	Loss: 1.301847
================================================================
Training: Average loss: 1.0284, Accuracy: 37418/50000 (75%)
Test: Average loss: 1.0427, Accuracy: 7213/10000 (72%)
Time used: 347.7883584499359
================================================================
Train Epoch: 18 [0/50000 (0%)]	Loss: 1.383173
Train Epoch: 18 [12800/50000 (26%)]	Loss: 1.313533
Train Epoch: 18 [25600/50000 (51%)]	Loss: 1.426249
Train Epoch: 18 [38400/50000 (77%)]	Loss: 1.451942
================================================================
Training: Average loss: 1.0249, Accuracy: 37571/50000 (75%)
Test: Average loss: 1.0450, Accuracy: 7291/10000 (73%)
Time used: 347.7595751285553
================================================================
Train Epoch: 19 [0/50000 (0%)]	Loss: 1.243767
Train Epoch: 19 [12800/50000 (26%)]	Loss: 1.347313
Train Epoch: 19 [25600/50000 (51%)]	Loss: 1.295916
Train Epoch: 19 [38400/50000 (77%)]	Loss: 1.354114
================================================================
Training: Average loss: 1.0457, Accuracy: 36250/50000 (72%)
Test: Average loss: 1.0502, Accuracy: 7074/10000 (71%)
Time used: 347.76556396484375
================================================================
Train Epoch: 20 [0/50000 (0%)]	Loss: 1.331302
Train Epoch: 20 [12800/50000 (26%)]	Loss: 1.352969
Train Epoch: 20 [25600/50000 (51%)]	Loss: 1.318521
Train Epoch: 20 [38400/50000 (77%)]	Loss: 1.317307
================================================================
Training: Average loss: 1.0112, Accuracy: 38385/50000 (77%)
Test: Average loss: 1.0189, Accuracy: 7431/10000 (74%)
Time used: 347.5794701576233
================================================================
Train Epoch: 21 [0/50000 (0%)]	Loss: 1.364420
Train Epoch: 21 [12800/50000 (26%)]	Loss: 1.325107
Train Epoch: 21 [25600/50000 (51%)]	Loss: 1.306080
Train Epoch: 21 [38400/50000 (77%)]	Loss: 1.409727
================================================================
Training: Average loss: 1.0217, Accuracy: 37727/50000 (75%)
Test: Average loss: 1.0386, Accuracy: 7355/10000 (74%)
Time used: 347.57666015625
================================================================
Train Epoch: 22 [0/50000 (0%)]	Loss: 1.290942
Train Epoch: 22 [12800/50000 (26%)]	Loss: 1.390398
Train Epoch: 22 [25600/50000 (51%)]	Loss: 1.317708
Train Epoch: 22 [38400/50000 (77%)]	Loss: 1.324883
================================================================
Training: Average loss: 0.9911, Accuracy: 38388/50000 (77%)
Test: Average loss: 1.0058, Accuracy: 7457/10000 (75%)
Time used: 347.63898611068726
================================================================
Train Epoch: 23 [0/50000 (0%)]	Loss: 1.350715
Train Epoch: 23 [12800/50000 (26%)]	Loss: 1.295517
Train Epoch: 23 [25600/50000 (51%)]	Loss: 1.206174
Train Epoch: 23 [38400/50000 (77%)]	Loss: 1.284292
================================================================
Training: Average loss: 0.9890, Accuracy: 38381/50000 (77%)
Test: Average loss: 1.0235, Accuracy: 7363/10000 (74%)
Time used: 347.6050901412964
================================================================
Train Epoch: 24 [0/50000 (0%)]	Loss: 1.211635
Train Epoch: 24 [12800/50000 (26%)]	Loss: 1.268095
Train Epoch: 24 [25600/50000 (51%)]	Loss: 1.251508
Train Epoch: 24 [38400/50000 (77%)]	Loss: 1.225849
================================================================
Training: Average loss: 0.8745, Accuracy: 40846/50000 (82%)
Test: Average loss: 0.9181, Accuracy: 7802/10000 (78%)
Time used: 347.38438653945923
================================================================
Train Epoch: 25 [0/50000 (0%)]	Loss: 1.183429
Train Epoch: 25 [12800/50000 (26%)]	Loss: 1.121593
Train Epoch: 25 [25600/50000 (51%)]	Loss: 1.176433
Train Epoch: 25 [38400/50000 (77%)]	Loss: 1.153220
================================================================
Training: Average loss: 0.8442, Accuracy: 41098/50000 (82%)
Test: Average loss: 0.8929, Accuracy: 7819/10000 (78%)
Time used: 347.2790343761444
================================================================
Train Epoch: 26 [0/50000 (0%)]	Loss: 1.180867
Train Epoch: 26 [12800/50000 (26%)]	Loss: 1.222494
Train Epoch: 26 [25600/50000 (51%)]	Loss: 1.140861
Train Epoch: 26 [38400/50000 (77%)]	Loss: 1.069382
================================================================
Training: Average loss: 0.8338, Accuracy: 41250/50000 (82%)
Test: Average loss: 0.8862, Accuracy: 7834/10000 (78%)
Time used: 347.43910121917725
================================================================
Train Epoch: 27 [0/50000 (0%)]	Loss: 1.157518
Train Epoch: 27 [12800/50000 (26%)]	Loss: 1.157887
Train Epoch: 27 [25600/50000 (51%)]	Loss: 1.157529
Train Epoch: 27 [38400/50000 (77%)]	Loss: 1.304790
================================================================
Training: Average loss: 0.8080, Accuracy: 41825/50000 (84%)
Test: Average loss: 0.8672, Accuracy: 7926/10000 (79%)
Time used: 347.4800407886505
================================================================
Train Epoch: 28 [0/50000 (0%)]	Loss: 1.078011
Train Epoch: 28 [12800/50000 (26%)]	Loss: 1.166121
Train Epoch: 28 [25600/50000 (51%)]	Loss: 1.154325
Train Epoch: 28 [38400/50000 (77%)]	Loss: 1.158930
================================================================
Training: Average loss: 0.8131, Accuracy: 41584/50000 (83%)
Test: Average loss: 0.8713, Accuracy: 7882/10000 (79%)
Time used: 347.45366191864014
================================================================
Train Epoch: 29 [0/50000 (0%)]	Loss: 1.225406
Train Epoch: 29 [12800/50000 (26%)]	Loss: 1.167593
Train Epoch: 29 [25600/50000 (51%)]	Loss: 1.155827
Train Epoch: 29 [38400/50000 (77%)]	Loss: 1.131404
================================================================
Training: Average loss: 0.8085, Accuracy: 41715/50000 (83%)
Test: Average loss: 0.8739, Accuracy: 7891/10000 (79%)
Time used: 347.60338616371155
================================================================
Train Epoch: 30 [0/50000 (0%)]	Loss: 1.136118
Train Epoch: 30 [12800/50000 (26%)]	Loss: 1.065510
Train Epoch: 30 [25600/50000 (51%)]	Loss: 1.117153
Train Epoch: 30 [38400/50000 (77%)]	Loss: 1.236581
================================================================
Training: Average loss: 0.7980, Accuracy: 41840/50000 (84%)
Test: Average loss: 0.8620, Accuracy: 7861/10000 (79%)
Time used: 347.49902415275574
================================================================
Train Epoch: 31 [0/50000 (0%)]	Loss: 1.149820
Train Epoch: 31 [12800/50000 (26%)]	Loss: 1.239028
Train Epoch: 31 [25600/50000 (51%)]	Loss: 1.125326
Train Epoch: 31 [38400/50000 (77%)]	Loss: 1.101165
================================================================
Training: Average loss: 0.7850, Accuracy: 42352/50000 (85%)
Test: Average loss: 0.8527, Accuracy: 7963/10000 (80%)
Time used: 347.5692467689514
================================================================
Train Epoch: 32 [0/50000 (0%)]	Loss: 1.169978
Train Epoch: 32 [12800/50000 (26%)]	Loss: 1.072628
Train Epoch: 32 [25600/50000 (51%)]	Loss: 1.133850
Train Epoch: 32 [38400/50000 (77%)]	Loss: 1.121918
================================================================
Training: Average loss: 0.7697, Accuracy: 42441/50000 (85%)
Test: Average loss: 0.8476, Accuracy: 7943/10000 (79%)
Time used: 347.5451383590698
================================================================
Train Epoch: 33 [0/50000 (0%)]	Loss: 0.977142
Train Epoch: 33 [12800/50000 (26%)]	Loss: 1.101749
Train Epoch: 33 [25600/50000 (51%)]	Loss: 1.190791
Train Epoch: 33 [38400/50000 (77%)]	Loss: 1.036644
================================================================
Training: Average loss: 0.7735, Accuracy: 42534/50000 (85%)
Test: Average loss: 0.8517, Accuracy: 7931/10000 (79%)
Time used: 347.56903648376465
================================================================
Train Epoch: 34 [0/50000 (0%)]	Loss: 1.196182
Train Epoch: 34 [12800/50000 (26%)]	Loss: 1.096044
Train Epoch: 34 [25600/50000 (51%)]	Loss: 1.127944
Train Epoch: 34 [38400/50000 (77%)]	Loss: 1.081078
================================================================
Training: Average loss: 0.7752, Accuracy: 42400/50000 (85%)
Test: Average loss: 0.8522, Accuracy: 7899/10000 (79%)
Time used: 347.5353145599365
================================================================
Train Epoch: 35 [0/50000 (0%)]	Loss: 1.070031
Train Epoch: 35 [12800/50000 (26%)]	Loss: 1.004913
Train Epoch: 35 [25600/50000 (51%)]	Loss: 1.092618
Train Epoch: 35 [38400/50000 (77%)]	Loss: 1.113460
================================================================
Training: Average loss: 0.7633, Accuracy: 42812/50000 (86%)
Test: Average loss: 0.8472, Accuracy: 7952/10000 (80%)
Time used: 347.53089785575867
================================================================
Train Epoch: 36 [0/50000 (0%)]	Loss: 0.968016
Train Epoch: 36 [12800/50000 (26%)]	Loss: 1.146916
Train Epoch: 36 [25600/50000 (51%)]	Loss: 1.131788
Train Epoch: 36 [38400/50000 (77%)]	Loss: 1.129511
================================================================
Training: Average loss: 0.7453, Accuracy: 42859/50000 (86%)
Test: Average loss: 0.8336, Accuracy: 7978/10000 (80%)
Time used: 347.57841396331787
================================================================
Train Epoch: 37 [0/50000 (0%)]	Loss: 1.169548
Train Epoch: 37 [12800/50000 (26%)]	Loss: 1.113569
Train Epoch: 37 [25600/50000 (51%)]	Loss: 1.080926
Train Epoch: 37 [38400/50000 (77%)]	Loss: 1.145902
================================================================
Training: Average loss: 0.7474, Accuracy: 42679/50000 (85%)
Test: Average loss: 0.8387, Accuracy: 7907/10000 (79%)
Time used: 347.4866302013397
================================================================
Train Epoch: 38 [0/50000 (0%)]	Loss: 1.020836
Train Epoch: 38 [12800/50000 (26%)]	Loss: 1.013970
Train Epoch: 38 [25600/50000 (51%)]	Loss: 1.090903
Train Epoch: 38 [38400/50000 (77%)]	Loss: 1.132467
================================================================
Training: Average loss: 0.7422, Accuracy: 42854/50000 (86%)
Test: Average loss: 0.8364, Accuracy: 7913/10000 (79%)
Time used: 347.61146664619446
================================================================
Train Epoch: 39 [0/50000 (0%)]	Loss: 1.090387
Train Epoch: 39 [12800/50000 (26%)]	Loss: 1.071014
Train Epoch: 39 [25600/50000 (51%)]	Loss: 0.956843
Train Epoch: 39 [38400/50000 (77%)]	Loss: 1.003107
================================================================
Training: Average loss: 0.6918, Accuracy: 43696/50000 (87%)
Test: Average loss: 0.7933, Accuracy: 8037/10000 (80%)
Time used: 347.4675250053406
================================================================
Train Epoch: 40 [0/50000 (0%)]	Loss: 1.023720
Train Epoch: 40 [12800/50000 (26%)]	Loss: 0.984225
Train Epoch: 40 [25600/50000 (51%)]	Loss: 1.058022
Train Epoch: 40 [38400/50000 (77%)]	Loss: 1.046834
================================================================
Training: Average loss: 0.7075, Accuracy: 43644/50000 (87%)
Test: Average loss: 0.8075, Accuracy: 8039/10000 (80%)
Time used: 347.5194673538208
================================================================
Train Epoch: 41 [0/50000 (0%)]	Loss: 1.007001
Train Epoch: 41 [12800/50000 (26%)]	Loss: 1.033676
Train Epoch: 41 [25600/50000 (51%)]	Loss: 1.098335
Train Epoch: 41 [38400/50000 (77%)]	Loss: 1.016845
================================================================
Training: Average loss: 0.7033, Accuracy: 43619/50000 (87%)
Test: Average loss: 0.8077, Accuracy: 8002/10000 (80%)
Time used: 347.47747564315796
================================================================
Train Epoch: 42 [0/50000 (0%)]	Loss: 0.945236
Train Epoch: 42 [12800/50000 (26%)]	Loss: 0.990929
Train Epoch: 42 [25600/50000 (51%)]	Loss: 0.957622
Train Epoch: 42 [38400/50000 (77%)]	Loss: 0.932149
================================================================
Training: Average loss: 0.6947, Accuracy: 43737/50000 (87%)
Test: Average loss: 0.7997, Accuracy: 8025/10000 (80%)
Time used: 347.600567817688
================================================================
Train Epoch: 43 [0/50000 (0%)]	Loss: 1.091019
Train Epoch: 43 [12800/50000 (26%)]	Loss: 1.163608
Train Epoch: 43 [25600/50000 (51%)]	Loss: 1.042091
Train Epoch: 43 [38400/50000 (77%)]	Loss: 1.041903
================================================================
Training: Average loss: 0.7031, Accuracy: 43708/50000 (87%)
Test: Average loss: 0.8078, Accuracy: 8017/10000 (80%)
Time used: 347.57251739501953
================================================================
Train Epoch: 44 [0/50000 (0%)]	Loss: 1.092940
Train Epoch: 44 [12800/50000 (26%)]	Loss: 1.034092
Train Epoch: 44 [25600/50000 (51%)]	Loss: 1.004406
Train Epoch: 44 [38400/50000 (77%)]	Loss: 1.049901
================================================================
Training: Average loss: 0.6923, Accuracy: 43962/50000 (88%)
Test: Average loss: 0.8015, Accuracy: 8044/10000 (80%)
Time used: 396.44262290000916
================================================================
Train Epoch: 45 [0/50000 (0%)]	Loss: 0.952556
Train Epoch: 45 [12800/50000 (26%)]	Loss: 1.058268
Train Epoch: 45 [25600/50000 (51%)]	Loss: 1.024666
Train Epoch: 45 [38400/50000 (77%)]	Loss: 1.021143
================================================================
Training: Average loss: 0.6866, Accuracy: 43987/50000 (88%)
Test: Average loss: 0.7960, Accuracy: 8060/10000 (81%)
Time used: 425.63951587677
================================================================
Train Epoch: 46 [0/50000 (0%)]	Loss: 1.024509
Train Epoch: 46 [12800/50000 (26%)]	Loss: 0.984765
Train Epoch: 46 [25600/50000 (51%)]	Loss: 1.026999
Train Epoch: 46 [38400/50000 (77%)]	Loss: 1.061991
================================================================
Training: Average loss: 0.6944, Accuracy: 43825/50000 (88%)
Test: Average loss: 0.8034, Accuracy: 8025/10000 (80%)
Time used: 347.59847927093506
================================================================
Train Epoch: 47 [0/50000 (0%)]	Loss: 0.971787
Train Epoch: 47 [12800/50000 (26%)]	Loss: 1.083516
Train Epoch: 47 [25600/50000 (51%)]	Loss: 1.002648
Train Epoch: 47 [38400/50000 (77%)]	Loss: 0.948292
================================================================
Training: Average loss: 0.7030, Accuracy: 43648/50000 (87%)
Test: Average loss: 0.8100, Accuracy: 8030/10000 (80%)
Time used: 347.66585969924927
================================================================
Train Epoch: 48 [0/50000 (0%)]	Loss: 0.970306
Train Epoch: 48 [12800/50000 (26%)]	Loss: 0.959142
Train Epoch: 48 [25600/50000 (51%)]	Loss: 0.964737
Train Epoch: 48 [38400/50000 (77%)]	Loss: 1.058848
================================================================
Training: Average loss: 0.6768, Accuracy: 44014/50000 (88%)
Test: Average loss: 0.7918, Accuracy: 8058/10000 (81%)
Time used: 347.5194761753082
================================================================
Train Epoch: 49 [0/50000 (0%)]	Loss: 0.894668
Train Epoch: 49 [12800/50000 (26%)]	Loss: 0.998526
Train Epoch: 49 [25600/50000 (51%)]	Loss: 0.955023
Train Epoch: 49 [38400/50000 (77%)]	Loss: 1.111056
================================================================
Training: Average loss: 0.6815, Accuracy: 44009/50000 (88%)
Test: Average loss: 0.7944, Accuracy: 8054/10000 (81%)
Time used: 347.5877454280853
================================================================
Train Epoch: 50 [0/50000 (0%)]	Loss: 0.974555
Train Epoch: 50 [12800/50000 (26%)]	Loss: 1.034852
Train Epoch: 50 [25600/50000 (51%)]	Loss: 1.011921
Train Epoch: 50 [38400/50000 (77%)]	Loss: 0.929604
================================================================
Training: Average loss: 0.6882, Accuracy: 43953/50000 (88%)
Test: Average loss: 0.8009, Accuracy: 8035/10000 (80%)
Time used: 347.53352308273315
================================================================
Total time used: 291.9150882403056
